f:\wenji\parallelcomputeproject\x64\release\vc140.pdb
f:\wenji\parallelcomputeproject\x64\release\data_prepare.obj
f:\wenji\parallelcomputeproject\x64\release\main.obj
f:\wenji\parallelcomputeproject\x64\release\parallelcomputeproject.exe
f:\wenji\parallelcomputeproject\x64\release\parallelcomputeproject.ipdb
f:\wenji\parallelcomputeproject\x64\release\parallelcomputeproject.iobj
f:\wenji\parallelcomputeproject\x64\release\parallelcomputeproject.pdb
e:\mystudyfiles\大四下\parallel compute\parallelcomputeproject\parallelcomputeproject\x64\release\data_prepare.obj
e:\mystudyfiles\大四下\parallel compute\parallelcomputeproject\parallelcomputeproject\x64\release\main.obj
e:\mystudyfiles\大四下\parallel compute\parallelcomputeproject\parallelcomputeproject\x64\release\parallelcomputeproject.ipdb
e:\mystudyfiles\大四下\parallel compute\parallelcomputeproject\parallelcomputeproject\x64\release\parallelcomputeproject.iobj
e:\mystudyfiles\大四下\parallel compute\parallelcomputeproject\parallelcomputeproject\x64\release\parallelcomputeproject.pdb
e:\mystudyfiles\大四下\parallel compute\parallelcomputeproject\parallelcomputeproject\x64\release\vc140.pdb
e:\mystudyfiles\大四下\parallel compute\parallelcomputeproject\parallelcomputeproject\x64\release\parallelcomputeproject.exe
e:\mystudyfiles\大四下\parallel compute\parallelcomputeproject\parallelcomputeproject\x64\release\parallel.ebdccb66.tlog\cl.command.1.tlog
e:\mystudyfiles\大四下\parallel compute\parallelcomputeproject\parallelcomputeproject\x64\release\parallel.ebdccb66.tlog\cl.read.1.tlog
e:\mystudyfiles\大四下\parallel compute\parallelcomputeproject\parallelcomputeproject\x64\release\parallel.ebdccb66.tlog\cl.write.1.tlog
e:\mystudyfiles\大四下\parallel compute\parallelcomputeproject\parallelcomputeproject\x64\release\parallel.ebdccb66.tlog\link.command.1.tlog
e:\mystudyfiles\大四下\parallel compute\parallelcomputeproject\parallelcomputeproject\x64\release\parallel.ebdccb66.tlog\link.read.1.tlog
e:\mystudyfiles\大四下\parallel compute\parallelcomputeproject\parallelcomputeproject\x64\release\parallel.ebdccb66.tlog\link.write.1.tlog
